[debug] [2022-02-13T03:12:21.133Z] ----------------------------------------------------------------------
[debug] [2022-02-13T03:12:21.136Z] Command:       C:\Program Files\nodejs\node.exe C:\Users\Mark\AppData\Roaming\npm\node_modules\firebase-tools\lib\bin\firebase.js init
[debug] [2022-02-13T03:12:21.138Z] CLI Version:   10.2.0
[debug] [2022-02-13T03:12:21.138Z] Platform:      win32
[debug] [2022-02-13T03:12:21.138Z] Node Version:  v16.13.2
[debug] [2022-02-13T03:12:21.140Z] Time:          Sat Feb 12 2022 19:12:21 GMT-0800 (Pacific Standard Time)
[debug] [2022-02-13T03:12:21.140Z] ----------------------------------------------------------------------
[debug] 
[debug] [2022-02-13T03:12:21.150Z] > command requires scopes: ["email","openid","https://www.googleapis.com/auth/cloudplatformprojects.readonly","https://www.googleapis.com/auth/firebase","https://www.googleapis.com/auth/cloud-platform"]
[debug] [2022-02-13T03:12:21.151Z] > authorizing via signed-in user (zhangzhijiang@gmail.com)
[info] 
     ######## #### ########  ######## ########     ###     ######  ########
     ##        ##  ##     ## ##       ##     ##  ##   ##  ##       ##
     ######    ##  ########  ######   ########  #########  ######  ######
     ##        ##  ##    ##  ##       ##     ## ##     ##       ## ##
     ##       #### ##     ## ######## ########  ##     ##  ######  ########

You're about to initialize a Firebase project in this directory:

  C:\opt\idatagear

Before we get started, keep in mind:

  * You are currently outside your home directory

[debug] [2022-02-13T03:12:36.891Z] ----------------------------------------------------------------------
[debug] [2022-02-13T03:12:36.895Z] Command:       C:\Program Files\nodejs\node.exe C:\Users\Mark\AppData\Roaming\npm\node_modules\firebase-tools\lib\bin\firebase.js init hosting
[debug] [2022-02-13T03:12:36.896Z] CLI Version:   10.2.0
[debug] [2022-02-13T03:12:36.896Z] Platform:      win32
[debug] [2022-02-13T03:12:36.897Z] Node Version:  v16.13.2
[debug] [2022-02-13T03:12:36.898Z] Time:          Sat Feb 12 2022 19:12:36 GMT-0800 (Pacific Standard Time)
[debug] [2022-02-13T03:12:36.898Z] ----------------------------------------------------------------------
[debug] 
[debug] [2022-02-13T03:12:36.910Z] > command requires scopes: ["email","openid","https://www.googleapis.com/auth/cloudplatformprojects.readonly","https://www.googleapis.com/auth/firebase","https://www.googleapis.com/auth/cloud-platform"]
[debug] [2022-02-13T03:12:36.910Z] > authorizing via signed-in user (zhangzhijiang@gmail.com)
[info] 
     ######## #### ########  ######## ########     ###     ######  ########
     ##        ##  ##     ## ##       ##     ##  ##   ##  ##       ##
     ######    ##  ########  ######   ########  #########  ######  ######
     ##        ##  ##    ##  ##       ##     ## ##     ##       ## ##
     ##       #### ##     ## ######## ########  ##     ##  ######  ########

You're about to initialize a Firebase project in this directory:

  C:\opt\idatagear

Before we get started, keep in mind:

  * You are currently outside your home directory

[info] 
=== Project Setup
[info] 
[info] First, let's associate this project directory with a Firebase project.
[info] You can create multiple project aliases by running firebase use --add, 
[info] but for now we'll just set up a default project.
[info] 
[info] i  If you want to create a project in a Google Cloud organization or folder, please use "firebase projects:create" instead, and return to this command when you've created the project. 
[debug] [2022-02-13T03:12:50.235Z] > refreshing access token with scopes: ["email","https://www.googleapis.com/auth/cloud-platform","https://www.googleapis.com/auth/cloudplatformprojects.readonly","https://www.googleapis.com/auth/firebase","openid"]
[debug] [2022-02-13T03:12:50.236Z] >>> HTTP REQUEST POST https://www.googleapis.com/oauth2/v3/token  
 <request body omitted>
[debug] [2022-02-13T03:12:50.633Z] <<< HTTP RESPONSE 200 {"expires":"Mon, 01 Jan 1990 00:00:00 GMT","pragma":"no-cache","cache-control":"no-cache, no-store, max-age=0, must-revalidate","date":"Sun, 13 Feb 2022 03:12:53 GMT","content-type":"application/json; charset=utf-8","vary":"X-Origin, Referer, Origin,Accept-Encoding","server":"scaffolding on HTTPServer2","x-xss-protection":"0","x-frame-options":"SAMEORIGIN","x-content-type-options":"nosniff","alt-svc":"h3=\":443\"; ma=2592000,h3-29=\":443\"; ma=2592000,h3-Q050=\":443\"; ma=2592000,h3-Q046=\":443\"; ma=2592000,h3-Q043=\":443\"; ma=2592000,quic=\":443\"; ma=2592000; v=\"46,43\"","accept-ranges":"none","transfer-encoding":"chunked"}
[debug] [2022-02-13T03:12:50.656Z] >>> HTTP REQUEST POST https://cloudresourcemanager.googleapis.com/v1/projects  
 {"projectId":"idatagearsite","name":"idatagearsite"}
[debug] [2022-02-13T03:12:51.031Z] <<< HTTP RESPONSE 200 {"content-type":"application/json; charset=UTF-8","vary":"X-Origin, Referer, Origin,Accept-Encoding","date":"Sun, 13 Feb 2022 03:12:54 GMT","server":"ESF","cache-control":"private","x-xss-protection":"0","x-frame-options":"SAMEORIGIN","x-content-type-options":"nosniff","server-timing":"gfet4t7; dur=256","alt-svc":"h3=\":443\"; ma=2592000,h3-29=\":443\"; ma=2592000,h3-Q050=\":443\"; ma=2592000,h3-Q046=\":443\"; ma=2592000,h3-Q043=\":443\"; ma=2592000,quic=\":443\"; ma=2592000; v=\"46,43\"","accept-ranges":"none","transfer-encoding":"chunked"}
[debug] [2022-02-13T03:12:51.034Z] > refreshing access token with scopes: []
[debug] [2022-02-13T03:12:51.034Z] >>> HTTP REQUEST POST https://www.googleapis.com/oauth2/v3/token  
 <request body omitted>
[debug] [2022-02-13T03:12:51.143Z] <<< HTTP RESPONSE 200 {"expires":"Mon, 01 Jan 1990 00:00:00 GMT","pragma":"no-cache","cache-control":"no-cache, no-store, max-age=0, must-revalidate","date":"Sun, 13 Feb 2022 03:12:54 GMT","content-type":"application/json; charset=utf-8","vary":"X-Origin, Referer, Origin,Accept-Encoding","server":"scaffolding on HTTPServer2","x-xss-protection":"0","x-frame-options":"SAMEORIGIN","x-content-type-options":"nosniff","alt-svc":"h3=\":443\"; ma=2592000,h3-29=\":443\"; ma=2592000,h3-Q050=\":443\"; ma=2592000,h3-Q046=\":443\"; ma=2592000,h3-Q043=\":443\"; ma=2592000,quic=\":443\"; ma=2592000; v=\"46,43\"","accept-ranges":"none","transfer-encoding":"chunked"}
[debug] [2022-02-13T03:12:51.159Z] >>> [apiv2][query] GET https://cloudresourcemanager.googleapis.com/v1/operations/cp.8664687638398182866 [none]
[debug] [2022-02-13T03:12:51.622Z] <<< [apiv2][status] GET https://cloudresourcemanager.googleapis.com/v1/operations/cp.8664687638398182866 200
[debug] [2022-02-13T03:12:51.622Z] <<< [apiv2][body] GET https://cloudresourcemanager.googleapis.com/v1/operations/cp.8664687638398182866 {"name":"operations/cp.8664687638398182866"}
[debug] [2022-02-13T03:12:52.130Z] [Project Creation Poller] Retrying task index 0
[debug] [2022-02-13T03:12:52.132Z] >>> [apiv2][query] GET https://cloudresourcemanager.googleapis.com/v1/operations/cp.8664687638398182866 [none]
[debug] [2022-02-13T03:12:52.570Z] <<< [apiv2][status] GET https://cloudresourcemanager.googleapis.com/v1/operations/cp.8664687638398182866 200
[debug] [2022-02-13T03:12:52.570Z] <<< [apiv2][body] GET https://cloudresourcemanager.googleapis.com/v1/operations/cp.8664687638398182866 {"name":"operations/cp.8664687638398182866","metadata":{"@type":"type.googleapis.com/google.cloudresourcemanager.v1.ProjectCreationStatus","gettable":true}}
[debug] [2022-02-13T03:12:53.581Z] [Project Creation Poller] Retrying task index 0
[debug] [2022-02-13T03:12:53.583Z] >>> [apiv2][query] GET https://cloudresourcemanager.googleapis.com/v1/operations/cp.8664687638398182866 [none]
[debug] [2022-02-13T03:12:54.011Z] <<< [apiv2][status] GET https://cloudresourcemanager.googleapis.com/v1/operations/cp.8664687638398182866 200
[debug] [2022-02-13T03:12:54.012Z] <<< [apiv2][body] GET https://cloudresourcemanager.googleapis.com/v1/operations/cp.8664687638398182866 {"name":"operations/cp.8664687638398182866","metadata":{"@type":"type.googleapis.com/google.cloudresourcemanager.v1.ProjectCreationStatus","gettable":true,"ready":true},"done":true,"response":{"@type":"type.googleapis.com/google.cloudresourcemanager.v1.Project","projectNumber":"507973095597","projectId":"idatagearsite","lifecycleState":"ACTIVE","name":"idatagearsite","createTime":"2022-02-13T03:12:53.855Z"}}
[debug] [2022-02-13T03:12:54.017Z] > refreshing access token with scopes: ["email","https://www.googleapis.com/auth/cloud-platform","https://www.googleapis.com/auth/cloudplatformprojects.readonly","https://www.googleapis.com/auth/firebase","openid"]
[debug] [2022-02-13T03:12:54.018Z] >>> HTTP REQUEST POST https://www.googleapis.com/oauth2/v3/token  
 <request body omitted>
[debug] [2022-02-13T03:12:54.128Z] <<< HTTP RESPONSE 200 {"pragma":"no-cache","cache-control":"no-cache, no-store, max-age=0, must-revalidate","date":"Sun, 13 Feb 2022 03:12:57 GMT","expires":"Mon, 01 Jan 1990 00:00:00 GMT","content-type":"application/json; charset=utf-8","vary":"X-Origin, Referer, Origin,Accept-Encoding","server":"scaffolding on HTTPServer2","x-xss-protection":"0","x-frame-options":"SAMEORIGIN","x-content-type-options":"nosniff","alt-svc":"h3=\":443\"; ma=2592000,h3-29=\":443\"; ma=2592000,h3-Q050=\":443\"; ma=2592000,h3-Q046=\":443\"; ma=2592000,h3-Q043=\":443\"; ma=2592000,quic=\":443\"; ma=2592000; v=\"46,43\"","accept-ranges":"none","transfer-encoding":"chunked"}
[debug] [2022-02-13T03:12:54.155Z] >>> HTTP REQUEST POST https://firebase.googleapis.com/v1beta1/projects/idatagearsite:addFirebase  
 
[debug] [2022-02-13T03:12:55.877Z] <<< HTTP RESPONSE 200 {"content-type":"application/json; charset=UTF-8","vary":"X-Origin, Referer, Origin,Accept-Encoding","date":"Sun, 13 Feb 2022 03:12:58 GMT","server":"ESF","cache-control":"private","x-xss-protection":"0","x-frame-options":"SAMEORIGIN","x-content-type-options":"nosniff","alt-svc":"h3=\":443\"; ma=2592000,h3-29=\":443\"; ma=2592000,h3-Q050=\":443\"; ma=2592000,h3-Q046=\":443\"; ma=2592000,h3-Q043=\":443\"; ma=2592000,quic=\":443\"; ma=2592000; v=\"46,43\"","accept-ranges":"none","transfer-encoding":"chunked"}
[debug] [2022-02-13T03:12:55.879Z] > refreshing access token with scopes: []
[debug] [2022-02-13T03:12:55.880Z] >>> HTTP REQUEST POST https://www.googleapis.com/oauth2/v3/token  
 <request body omitted>
[debug] [2022-02-13T03:12:55.998Z] <<< HTTP RESPONSE 200 {"date":"Sun, 13 Feb 2022 03:12:59 GMT","expires":"Mon, 01 Jan 1990 00:00:00 GMT","pragma":"no-cache","cache-control":"no-cache, no-store, max-age=0, must-revalidate","content-type":"application/json; charset=utf-8","vary":"X-Origin, Referer, Origin,Accept-Encoding","server":"scaffolding on HTTPServer2","x-xss-protection":"0","x-frame-options":"SAMEORIGIN","x-content-type-options":"nosniff","alt-svc":"h3=\":443\"; ma=2592000,h3-29=\":443\"; ma=2592000,h3-Q050=\":443\"; ma=2592000,h3-Q046=\":443\"; ma=2592000,h3-Q043=\":443\"; ma=2592000,quic=\":443\"; ma=2592000; v=\"46,43\"","accept-ranges":"none","transfer-encoding":"chunked"}
[debug] [2022-02-13T03:12:56.029Z] >>> [apiv2][query] GET https://firebase.googleapis.com/v1beta1/operations/workflows/MmM0NTg4NjgtNGU1ZS00N2YzLWE0YjktOGE3OTEwZjg3ZWVk [none]
[debug] [2022-02-13T03:12:56.397Z] <<< [apiv2][status] GET https://firebase.googleapis.com/v1beta1/operations/workflows/MmM0NTg4NjgtNGU1ZS00N2YzLWE0YjktOGE3OTEwZjg3ZWVk 200
[debug] [2022-02-13T03:12:56.399Z] <<< [apiv2][body] GET https://firebase.googleapis.com/v1beta1/operations/workflows/MmM0NTg4NjgtNGU1ZS00N2YzLWE0YjktOGE3OTEwZjg3ZWVk {"name":"operations/workflows/MmM0NTg4NjgtNGU1ZS00N2YzLWE0YjktOGE3OTEwZjg3ZWVk"}
[debug] [2022-02-13T03:12:56.912Z] [Add Firebase Poller] Retrying task index 0
[debug] [2022-02-13T03:12:56.913Z] >>> [apiv2][query] GET https://firebase.googleapis.com/v1beta1/operations/workflows/MmM0NTg4NjgtNGU1ZS00N2YzLWE0YjktOGE3OTEwZjg3ZWVk [none]
[debug] [2022-02-13T03:12:57.295Z] <<< [apiv2][status] GET https://firebase.googleapis.com/v1beta1/operations/workflows/MmM0NTg4NjgtNGU1ZS00N2YzLWE0YjktOGE3OTEwZjg3ZWVk 200
[debug] [2022-02-13T03:12:57.296Z] <<< [apiv2][body] GET https://firebase.googleapis.com/v1beta1/operations/workflows/MmM0NTg4NjgtNGU1ZS00N2YzLWE0YjktOGE3OTEwZjg3ZWVk {"name":"operations/workflows/MmM0NTg4NjgtNGU1ZS00N2YzLWE0YjktOGE3OTEwZjg3ZWVk"}
[debug] [2022-02-13T03:12:58.302Z] [Add Firebase Poller] Retrying task index 0
[debug] [2022-02-13T03:12:58.303Z] >>> [apiv2][query] GET https://firebase.googleapis.com/v1beta1/operations/workflows/MmM0NTg4NjgtNGU1ZS00N2YzLWE0YjktOGE3OTEwZjg3ZWVk [none]
[debug] [2022-02-13T03:12:58.637Z] <<< [apiv2][status] GET https://firebase.googleapis.com/v1beta1/operations/workflows/MmM0NTg4NjgtNGU1ZS00N2YzLWE0YjktOGE3OTEwZjg3ZWVk 200
[debug] [2022-02-13T03:12:58.637Z] <<< [apiv2][body] GET https://firebase.googleapis.com/v1beta1/operations/workflows/MmM0NTg4NjgtNGU1ZS00N2YzLWE0YjktOGE3OTEwZjg3ZWVk {"name":"operations/workflows/MmM0NTg4NjgtNGU1ZS00N2YzLWE0YjktOGE3OTEwZjg3ZWVk"}
[debug] [2022-02-13T03:13:00.648Z] [Add Firebase Poller] Retrying task index 0
[debug] [2022-02-13T03:13:00.649Z] >>> [apiv2][query] GET https://firebase.googleapis.com/v1beta1/operations/workflows/MmM0NTg4NjgtNGU1ZS00N2YzLWE0YjktOGE3OTEwZjg3ZWVk [none]
[debug] [2022-02-13T03:13:01.095Z] <<< [apiv2][status] GET https://firebase.googleapis.com/v1beta1/operations/workflows/MmM0NTg4NjgtNGU1ZS00N2YzLWE0YjktOGE3OTEwZjg3ZWVk 200
[debug] [2022-02-13T03:13:01.095Z] <<< [apiv2][body] GET https://firebase.googleapis.com/v1beta1/operations/workflows/MmM0NTg4NjgtNGU1ZS00N2YzLWE0YjktOGE3OTEwZjg3ZWVk {"name":"operations/workflows/MmM0NTg4NjgtNGU1ZS00N2YzLWE0YjktOGE3OTEwZjg3ZWVk"}
[debug] [2022-02-13T03:13:05.104Z] [Add Firebase Poller] Retrying task index 0
[debug] [2022-02-13T03:13:05.106Z] >>> [apiv2][query] GET https://firebase.googleapis.com/v1beta1/operations/workflows/MmM0NTg4NjgtNGU1ZS00N2YzLWE0YjktOGE3OTEwZjg3ZWVk [none]
[debug] [2022-02-13T03:13:05.439Z] <<< [apiv2][status] GET https://firebase.googleapis.com/v1beta1/operations/workflows/MmM0NTg4NjgtNGU1ZS00N2YzLWE0YjktOGE3OTEwZjg3ZWVk 200
[debug] [2022-02-13T03:13:05.439Z] <<< [apiv2][body] GET https://firebase.googleapis.com/v1beta1/operations/workflows/MmM0NTg4NjgtNGU1ZS00N2YzLWE0YjktOGE3OTEwZjg3ZWVk {"name":"operations/workflows/MmM0NTg4NjgtNGU1ZS00N2YzLWE0YjktOGE3OTEwZjg3ZWVk","done":true,"response":{"@type":"type.googleapis.com/google.firebase.service.v1beta1.FirebaseProject","projectId":"idatagearsite","projectNumber":"507973095597","displayName":"idatagearsite","name":"projects/idatagearsite","resources":{"hostingSite":"idatagearsite"}}}
[info] 
[info] === Your Firebase project is ready! ===
[info] 
[info] Project information:
[info]    - Project ID: idatagearsite
[info]    - Project Name: idatagearsite
[info] 
[info] Firebase console is available at
[info] https://console.firebase.google.com/project/idatagearsite/overview
[info] i  Using project idatagearsite (idatagearsite) 
[info] 
=== Hosting Setup
[info] 
[info] Your public directory is the folder (relative to your project directory) that
[info] will contain Hosting assets to be uploaded with firebase deploy. If you
[info] have a build process for your assets, use your build's output directory.
[info] 
[info] +  Wrote public/404.html 
[debug] [2022-02-13T03:13:28.652Z] >>> [apiv2][query] GET https://www.gstatic.com/firebasejs/releases.json [none]
[debug] [2022-02-13T03:13:28.769Z] <<< [apiv2][status] GET https://www.gstatic.com/firebasejs/releases.json 200
[debug] [2022-02-13T03:13:28.770Z] <<< [apiv2][body] GET https://www.gstatic.com/firebasejs/releases.json {"current":{"version":"9.6.6","browserURL":"https://www.gstatic.com/firebasejs/9.6.6/firebase.js","packageURL":"https://www.gstatic.com/firebasejs/9.6.6/firebase.tgz"},"live":{"version":"9.6","browserURL":"https://www.gstatic.com/firebasejs/live/9.6/firebase.js","packageURL":"https://www.gstatic.com/firebasejs/live/9.6/firebase.tgz"},"components":{"analytics":"https://www.gstatic.com/firebasejs/9.6.6/firebase-analytics.js","app":"https://www.gstatic.com/firebasejs/9.6.6/firebase-app.js","app-check":"https://www.gstatic.com/firebasejs/9.6.6/firebase-app-check.js","auth":"https://www.gstatic.com/firebasejs/9.6.6/firebase-auth.js","auth/cordova":"https://www.gstatic.com/firebasejs/9.6.6/firebase-auth/cordova.js","auth/react-native":"https://www.gstatic.com/firebasejs/9.6.6/firebase-auth/react-native.js","functions":"https://www.gstatic.com/firebasejs/9.6.6/firebase-functions.js","firestore":"https://www.gstatic.com/firebasejs/9.6.6/firebase-firestore.js","firestore/lite":"https://www.gstatic.com/firebasejs/9.6.6/firebase-firestore/lite.js","storage":"https://www.gstatic.com/firebasejs/9.6.6/firebase-storage.js","performance":"https://www.gstatic.com/firebasejs/9.6.6/firebase-performance.js","remote-config":"https://www.gstatic.com/firebasejs/9.6.6/firebase-remote-config.js","messaging":"https://www.gstatic.com/firebasejs/9.6.6/firebase-messaging.js","messaging/sw":"https://www.gstatic.com/firebasejs/9.6.6/firebase-messaging/sw.js","database":"https://www.gstatic.com/firebasejs/9.6.6/firebase-database.js","firestore.memory":"https://www.gstatic.com/firebasejs/9.6.6/firebase-firestore.memory.js"}}
[info] i  Skipping write of public/index.html 
[info] 
[info] i  Detected a .git folder at C:\opt\idatagear 
[info] i  Authorizing with GitHub to upload your service account to a GitHub repository's secrets store. 
[info] 
[info] Visit this URL on this device to log in:
[info] https://github.com/login/oauth/authorize?client_id=89cf50f02ac6aaed3484&state=15998954&redirect_uri=http%3A%2F%2Flocalhost%3A9005&scope=read%3Auser%20repo%20public_repo
[info] 
[info] Waiting for authentication...
[debug] [2022-02-13T03:13:32.276Z] >>> HTTP REQUEST POST https://github.com/login/oauth/access_token  
 {"client_id":"89cf50f02ac6aaed3484","client_secret":"3330d14abc895d9a74d5f17cd7a00711fa2c5bf0","code":"2c49807a67b476b70d98","redirect_uri":"http://localhost:9005","state":"15998954"}
[debug] [2022-02-13T03:13:32.849Z] <<< HTTP RESPONSE 200 {"server":"GitHub.com","date":"Sun, 13 Feb 2022 03:13:35 GMT","content-type":"application/json; charset=utf-8","transfer-encoding":"chunked","vary":"X-PJAX, X-PJAX-Container, Accept-Encoding, Accept, X-Requested-With","permissions-policy":"interest-cohort=()","etag":"W/\"aba5f515965184edd5492ba7a8544c14\"","cache-control":"max-age=0, private, must-revalidate","strict-transport-security":"max-age=31536000; includeSubdomains; preload","x-frame-options":"deny","x-content-type-options":"nosniff","x-xss-protection":"0","referrer-policy":"origin-when-cross-origin, strict-origin-when-cross-origin","expect-ct":"max-age=2592000, report-uri=\"https://api.github.com/_private/browser/errors\"","content-security-policy":"default-src 'none'; base-uri 'self'; block-all-mixed-content; child-src github.com/assets-cdn/worker/ gist.github.com/assets-cdn/worker/; connect-src 'self' uploads.github.com objects-origin.githubusercontent.com www.githubstatus.com collector.githubapp.com collector.github.com api.github.com github-cloud.s3.amazonaws.com github-production-repository-file-5c1aeb.s3.amazonaws.com github-production-upload-manifest-file-7fdce7.s3.amazonaws.com github-production-user-asset-6210df.s3.amazonaws.com cdn.optimizely.com logx.optimizely.com/v1/events translator.github.com wss://alive.github.com; font-src github.githubassets.com; form-action 'self' github.com gist.github.com objects-origin.githubusercontent.com; frame-ancestors 'none'; frame-src render.githubusercontent.com viewscreen.githubusercontent.com notebooks.githubusercontent.com; img-src 'self' data: github.githubassets.com identicons.github.com collector.githubapp.com collector.github.com github-cloud.s3.amazonaws.com secured-user-images.githubusercontent.com/ *.githubusercontent.com; manifest-src 'self'; media-src github.com user-images.githubusercontent.com/; script-src github.githubassets.com; style-src 'unsafe-inline' github.githubassets.com; worker-src github.com/assets-cdn/worker/ gist.github.com/assets-cdn/worker/","x-github-request-id":"EF98:358A:F7342A:166757E:6208775F"}
[debug] [2022-02-13T03:13:32.872Z] >>> [apiv2][query] GET https://api.github.com/user [none]
[debug] [2022-02-13T03:13:33.270Z] <<< [apiv2][status] GET https://api.github.com/user 200
[debug] [2022-02-13T03:13:33.271Z] <<< [apiv2][body] GET https://api.github.com/user {"login":"zhangzhijiang","id":12143209,"node_id":"MDQ6VXNlcjEyMTQzMjA5","avatar_url":"https://avatars.githubusercontent.com/u/12143209?v=4","gravatar_id":"","url":"https://api.github.com/users/zhangzhijiang","html_url":"https://github.com/zhangzhijiang","followers_url":"https://api.github.com/users/zhangzhijiang/followers","following_url":"https://api.github.com/users/zhangzhijiang/following{/other_user}","gists_url":"https://api.github.com/users/zhangzhijiang/gists{/gist_id}","starred_url":"https://api.github.com/users/zhangzhijiang/starred{/owner}{/repo}","subscriptions_url":"https://api.github.com/users/zhangzhijiang/subscriptions","organizations_url":"https://api.github.com/users/zhangzhijiang/orgs","repos_url":"https://api.github.com/users/zhangzhijiang/repos","events_url":"https://api.github.com/users/zhangzhijiang/events{/privacy}","received_events_url":"https://api.github.com/users/zhangzhijiang/received_events","type":"User","site_admin":false,"name":null,"company":null,"blog":"","location":null,"email":null,"hireable":null,"bio":null,"twitter_username":null,"public_repos":7,"public_gists":0,"followers":0,"following":0,"created_at":"2015-04-27T20:52:06Z","updated_at":"2022-02-08T05:57:02Z","private_gists":0,"total_private_repos":3,"owned_private_repos":3,"disk_usage":73380,"collaborators":0,"two_factor_authentication":false,"plan":{"name":"free","space":976562499,"collaborators":0,"private_repos":10000}}
[info] 
[info] +  Success! Logged into GitHub as zhangzhijiang 
[info] 
